<?xml version="1.0" encoding="UTF-8"?>
<!-- Generated by org.testng.reporters.JUnitXMLReporter -->
<testsuite hostname="MCO-5097489-L1" ignored="0" name="Test" tests="4" failures="1" timestamp="15 Jun 2019 22:42:26 GMT" time="139.108" errors="0">
  <testcase name="basePageNavigation" time="36.688" classname="Academy.HomePageLogin"/>
  <testcase name="basePageNavigation" time="36.907" classname="Academy.HomePageLogin"/>
  <testcase name="title_validate" time="30.208" classname="Academy.ValidateTitle">
    <failure type="java.lang.AssertionError" message="expected [Featured courses] but found [FEATURED COURSES]">
      <![CDATA[java.lang.AssertionError: expected [Featured courses] but found [FEATURED COURSES]at Academy.ValidateTitle.title_validate(ValidateTitle.java:35)... Removed 31 stack frames]]>
    </failure>
  </testcase> <!-- title_validate -->
  <testcase name="navbar_validate" time="31.768" classname="Academy.ValidateNavigationBar"/>
</testsuite> <!-- Test -->
