<?xml version="1.0" encoding="UTF-8"?>
<!-- Generated by org.testng.reporters.JUnitXMLReporter -->
<testsuite hostname="MCO-5097489-L1" name="Test" tests="4" failures="1" timestamp="16 Jun 2019 00:11:38 GMT" time="147.163" errors="0">
  <testcase name="basePageNavigation" time="37.711" classname="Academy.HomePageLogin"/>
  <testcase name="basePageNavigation" time="40.291" classname="Academy.HomePageLogin"/>
  <testcase name="title_validate" time="33.112" classname="Academy.ValidateTitle">
    <failure type="java.lang.AssertionError" message="expected [Featured courses] but found [FEATURED COURSES]">
      <![CDATA[java.lang.AssertionError: expected [Featured courses] but found [FEATURED COURSES]
	at Academy.ValidateTitle.title_validate(ValidateTitle.java:45)
	at org.apache.maven.surefire.testng.TestNGExecutor.run(TestNGExecutor.java:283)
	at org.apache.maven.surefire.testng.TestNGXmlTestSuite.execute(TestNGXmlTestSuite.java:75)
	at org.apache.maven.surefire.testng.TestNGProvider.invoke(TestNGProvider.java:120)
	at org.apache.maven.surefire.booter.ForkedBooter.invokeProviderInSameClassLoader(ForkedBooter.java:373)
	at org.apache.maven.surefire.booter.ForkedBooter.runSuitesInProcess(ForkedBooter.java:334)
	at org.apache.maven.surefire.booter.ForkedBooter.execute(ForkedBooter.java:119)
	at org.apache.maven.surefire.booter.ForkedBooter.main(ForkedBooter.java:407)
... Removed 26 stack frames]]>
    </failure>
  </testcase> <!-- title_validate -->
  <testcase name="navbar_validate" time="32.284" classname="Academy.ValidateNavigationBar"/>
</testsuite> <!-- Test -->
