<?xml version="1.0" encoding="UTF-8"?>
<testng-results skipped="0" failed="1" total="4" passed="3">
  <reporter-output>
  </reporter-output>
  <suite name="Suite" duration-ms="147163" started-at="2019-06-16T00:09:11Z" finished-at="2019-06-16T00:11:38Z">
    <groups>
    </groups>
    <test name="Test" duration-ms="147163" started-at="2019-06-16T00:09:11Z" finished-at="2019-06-16T00:11:38Z">
      <class name="Academy.ValidateTitle">
        <test-method status="FAIL" signature="title_validate()[pri:0, instance:Academy.ValidateTitle@548b7f67]" name="title_validate" duration-ms="33112" started-at="2019-06-15T20:10:29Z" finished-at="2019-06-15T20:11:02Z">
          <exception class="java.lang.AssertionError">
            <message>
              <![CDATA[expected [Featured courses] but found [FEATURED COURSES]]]>
            </message>
            <full-stacktrace>
              <![CDATA[java.lang.AssertionError: expected [Featured courses] but found [FEATURED COURSES]
	at org.testng.Assert.fail(Assert.java:94)
	at org.testng.Assert.failNotEquals(Assert.java:494)
	at org.testng.Assert.assertEquals(Assert.java:123)
	at org.testng.Assert.assertEquals(Assert.java:176)
	at org.testng.Assert.assertEquals(Assert.java:186)
	at Academy.ValidateTitle.title_validate(ValidateTitle.java:45)
	at sun.reflect.NativeMethodAccessorImpl.invoke0(Native Method)
	at sun.reflect.NativeMethodAccessorImpl.invoke(Unknown Source)
	at sun.reflect.DelegatingMethodAccessorImpl.invoke(Unknown Source)
	at java.lang.reflect.Method.invoke(Unknown Source)
	at org.testng.internal.MethodInvocationHelper.invokeMethod(MethodInvocationHelper.java:80)
	at org.testng.internal.Invoker.invokeMethod(Invoker.java:714)
	at org.testng.internal.Invoker.invokeTestMethod(Invoker.java:901)
	at org.testng.internal.Invoker.invokeTestMethods(Invoker.java:1231)
	at org.testng.internal.TestMethodWorker.invokeTestMethods(TestMethodWorker.java:127)
	at org.testng.internal.TestMethodWorker.run(TestMethodWorker.java:111)
	at org.testng.TestRunner.privateRun(TestRunner.java:767)
	at org.testng.TestRunner.run(TestRunner.java:617)
	at org.testng.SuiteRunner.runTest(SuiteRunner.java:334)
	at org.testng.SuiteRunner.runSequentially(SuiteRunner.java:329)
	at org.testng.SuiteRunner.privateRun(SuiteRunner.java:291)
	at org.testng.SuiteRunner.run(SuiteRunner.java:240)
	at org.testng.SuiteRunnerWorker.runSuite(SuiteRunnerWorker.java:52)
	at org.testng.SuiteRunnerWorker.run(SuiteRunnerWorker.java:86)
	at org.testng.TestNG.runSuitesSequentially(TestNG.java:1198)
	at org.testng.TestNG.runSuitesLocally(TestNG.java:1123)
	at org.testng.TestNG.run(TestNG.java:1031)
	at org.apache.maven.surefire.testng.TestNGExecutor.run(TestNGExecutor.java:283)
	at org.apache.maven.surefire.testng.TestNGXmlTestSuite.execute(TestNGXmlTestSuite.java:75)
	at org.apache.maven.surefire.testng.TestNGProvider.invoke(TestNGProvider.java:120)
	at org.apache.maven.surefire.booter.ForkedBooter.invokeProviderInSameClassLoader(ForkedBooter.java:373)
	at org.apache.maven.surefire.booter.ForkedBooter.runSuitesInProcess(ForkedBooter.java:334)
	at org.apache.maven.surefire.booter.ForkedBooter.execute(ForkedBooter.java:119)
	at org.apache.maven.surefire.booter.ForkedBooter.main(ForkedBooter.java:407)
]]>
            </full-stacktrace>
          </exception> <!-- java.lang.AssertionError -->
          <reporter-output>
          </reporter-output>
        </test-method> <!-- title_validate -->
      </class> <!-- Academy.ValidateTitle -->
      <class name="Academy.ValidateNavigationBar">
        <test-method status="PASS" signature="navbar_validate()[pri:0, instance:Academy.ValidateNavigationBar@7ac7a4e4]" name="navbar_validate" duration-ms="32284" started-at="2019-06-15T20:11:02Z" finished-at="2019-06-15T20:11:34Z">
          <reporter-output>
          </reporter-output>
        </test-method> <!-- navbar_validate -->
      </class> <!-- Academy.ValidateNavigationBar -->
      <class name="Academy.HomePageLogin">
        <test-method status="PASS" signature="basePageNavigation(java.lang.String, java.lang.String, java.lang.String)[pri:0, instance:Academy.HomePageLogin@6ea12c19]" name="basePageNavigation" duration-ms="37711" started-at="2019-06-15T20:09:11Z" data-provider="data" finished-at="2019-06-15T20:09:48Z">
          <params>
            <param index="0">
              <value>
                <![CDATA[abc@gmail.com]]>
              </value>
            </param>
            <param index="1">
              <value>
                <![CDATA[1234]]>
              </value>
            </param>
            <param index="2">
              <value>
                <![CDATA[not logged it]]>
              </value>
            </param>
          </params>
          <reporter-output>
          </reporter-output>
        </test-method> <!-- basePageNavigation -->
        <test-method status="PASS" signature="basePageNavigation(java.lang.String, java.lang.String, java.lang.String)[pri:0, instance:Academy.HomePageLogin@6ea12c19]" name="basePageNavigation" duration-ms="40291" started-at="2019-06-15T20:09:48Z" data-provider="data" finished-at="2019-06-15T20:10:29Z">
          <params>
            <param index="0">
              <value>
                <![CDATA[def@gmail.com]]>
              </value>
            </param>
            <param index="1">
              <value>
                <![CDATA[5678]]>
              </value>
            </param>
            <param index="2">
              <value>
                <![CDATA[trying to log in]]>
              </value>
            </param>
          </params>
          <reporter-output>
          </reporter-output>
        </test-method> <!-- basePageNavigation -->
        <test-method status="PASS" signature="tearDown()[pri:0, instance:Academy.HomePageLogin@6ea12c19]" name="tearDown" is-config="true" duration-ms="1362" started-at="2019-06-15T20:11:34Z" finished-at="2019-06-15T20:11:36Z">
          <reporter-output>
          </reporter-output>
        </test-method> <!-- tearDown -->
        <test-method status="PASS" signature="tearDown()[pri:0, instance:Academy.ValidateNavigationBar@7ac7a4e4]" name="tearDown" is-config="true" duration-ms="1232" started-at="2019-06-15T20:11:36Z" finished-at="2019-06-15T20:11:37Z">
          <reporter-output>
          </reporter-output>
        </test-method> <!-- tearDown -->
        <test-method status="PASS" signature="tearDown()[pri:0, instance:Academy.ValidateTitle@548b7f67]" name="tearDown" is-config="true" duration-ms="1147" started-at="2019-06-15T20:11:37Z" finished-at="2019-06-15T20:11:38Z">
          <reporter-output>
          </reporter-output>
        </test-method> <!-- tearDown -->
      </class> <!-- Academy.HomePageLogin -->
    </test> <!-- Test -->
  </suite> <!-- Suite -->
</testng-results>
