<?xml version="1.0" encoding="UTF-8"?>
<testng-results skipped="0" failed="1" ignored="0" total="4" passed="3">
  <reporter-output>
  </reporter-output>
  <suite name="Suite" duration-ms="141479" started-at="2019-06-16T04:47:49Z" finished-at="2019-06-16T04:50:11Z">
    <groups>
    </groups>
    <test name="Validating Home Page" duration-ms="75906" started-at="2019-06-16T04:47:49Z" finished-at="2019-06-16T04:49:05Z">
      <class name="Academy.HomePageLogin">
        <test-method status="PASS" signature="basePageNavigation(java.lang.String, java.lang.String, java.lang.String)[pri:0, instance:Academy.HomePageLogin@3e2e18f2]" name="basePageNavigation" duration-ms="37026" started-at="2019-06-16T00:47:49Z" data-provider="data" finished-at="2019-06-16T00:48:26Z">
          <params>
            <param index="0">
              <value>
                <![CDATA[abc@gmail.com]]>
              </value>
            </param>
            <param index="1">
              <value>
                <![CDATA[1234]]>
              </value>
            </param>
            <param index="2">
              <value>
                <![CDATA[not logged it]]>
              </value>
            </param>
          </params>
          <reporter-output>
          </reporter-output>
        </test-method> <!-- basePageNavigation -->
        <test-method status="PASS" signature="basePageNavigation(java.lang.String, java.lang.String, java.lang.String)[pri:0, instance:Academy.HomePageLogin@3e2e18f2]" name="basePageNavigation" duration-ms="37584" started-at="2019-06-16T00:48:26Z" data-provider="data" finished-at="2019-06-16T00:49:04Z">
          <params>
            <param index="0">
              <value>
                <![CDATA[def@gmail.com]]>
              </value>
            </param>
            <param index="1">
              <value>
                <![CDATA[5678]]>
              </value>
            </param>
            <param index="2">
              <value>
                <![CDATA[trying to log in]]>
              </value>
            </param>
          </params>
          <reporter-output>
          </reporter-output>
        </test-method> <!-- basePageNavigation -->
        <test-method status="PASS" signature="tearDown()[pri:0, instance:Academy.HomePageLogin@3e2e18f2]" name="tearDown" is-config="true" duration-ms="1255" started-at="2019-06-16T00:49:04Z" finished-at="2019-06-16T00:49:05Z">
          <reporter-output>
          </reporter-output>
        </test-method> <!-- tearDown -->
      </class> <!-- Academy.HomePageLogin -->
    </test> <!-- Validating Home Page -->
    <test name="Validating title in the page" duration-ms="32494" started-at="2019-06-16T04:49:05Z" finished-at="2019-06-16T04:49:38Z">
      <class name="Academy.ValidateTitle">
        <test-method status="FAIL" signature="title_validate()[pri:0, instance:Academy.ValidateTitle@50a638b5]" name="title_validate" duration-ms="29334" started-at="2019-06-16T00:49:05Z" finished-at="2019-06-16T00:49:35Z">
          <exception class="java.lang.AssertionError">
            <message>
              <![CDATA[expected [FEATURED] but found [FEATURED COURSES]]]>
            </message>
            <full-stacktrace>
              <![CDATA[java.lang.AssertionError: expected [FEATURED] but found [FEATURED COURSES]at org.testng.Assert.fail(Assert.java:96)at org.testng.Assert.failNotEquals(Assert.java:776)at org.testng.Assert.assertEqualsImpl(Assert.java:137)at org.testng.Assert.assertEquals(Assert.java:118)at org.testng.Assert.assertEquals(Assert.java:453)at org.testng.Assert.assertEquals(Assert.java:463)at Academy.ValidateTitle.title_validate(ValidateTitle.java:47)at sun.reflect.NativeMethodAccessorImpl.invoke0(Native Method)at sun.reflect.NativeMethodAccessorImpl.invoke(NativeMethodAccessorImpl.java:62)at sun.reflect.DelegatingMethodAccessorImpl.invoke(DelegatingMethodAccessorImpl.java:43)at java.lang.reflect.Method.invoke(Method.java:498)at org.testng.internal.MethodInvocationHelper.invokeMethod(MethodInvocationHelper.java:124)at org.testng.internal.Invoker.invokeMethod(Invoker.java:571)at org.testng.internal.Invoker.invokeTestMethod(Invoker.java:707)at org.testng.internal.Invoker.invokeTestMethods(Invoker.java:979)at org.testng.internal.TestMethodWorker.invokeTestMethods(TestMethodWorker.java:125)at org.testng.internal.TestMethodWorker.run(TestMethodWorker.java:109)at org.testng.TestRunner.privateRun(TestRunner.java:648)at org.testng.TestRunner.run(TestRunner.java:505)at org.testng.SuiteRunner.runTest(SuiteRunner.java:455)at org.testng.SuiteRunner.runSequentially(SuiteRunner.java:450)at org.testng.SuiteRunner.privateRun(SuiteRunner.java:415)at org.testng.SuiteRunner.run(SuiteRunner.java:364)at org.testng.SuiteRunnerWorker.runSuite(SuiteRunnerWorker.java:52)at org.testng.SuiteRunnerWorker.run(SuiteRunnerWorker.java:84)at org.testng.TestNG.runSuitesSequentially(TestNG.java:1187)at org.testng.TestNG.runSuitesLocally(TestNG.java:1116)at org.testng.TestNG.runSuites(TestNG.java:1028)at org.testng.TestNG.run(TestNG.java:996)at org.testng.remote.AbstractRemoteTestNG.run(AbstractRemoteTestNG.java:114)at org.testng.remote.RemoteTestNG.initAndRun(RemoteTestNG.java:251)at org.testng.remote.RemoteTestNG.main(RemoteTestNG.java:77)]]>
            </full-stacktrace>
          </exception> <!-- java.lang.AssertionError -->
          <reporter-output>
          </reporter-output>
        </test-method> <!-- title_validate -->
        <test-method status="PASS" signature="tearDown()[pri:0, instance:Academy.ValidateTitle@50a638b5]" name="tearDown" is-config="true" duration-ms="1451" started-at="2019-06-16T00:49:36Z" finished-at="2019-06-16T00:49:38Z">
          <reporter-output>
          </reporter-output>
        </test-method> <!-- tearDown -->
      </class> <!-- Academy.ValidateTitle -->
    </test> <!-- Validating title in the page -->
    <test name="Validating navigation bar" duration-ms="33026" started-at="2019-06-16T04:49:38Z" finished-at="2019-06-16T04:50:11Z">
      <class name="Academy.ValidateNavigationBar">
        <test-method status="PASS" signature="navbar_validate()[pri:0, instance:Academy.ValidateNavigationBar@4facf68f]" name="navbar_validate" duration-ms="31480" started-at="2019-06-16T00:49:38Z" finished-at="2019-06-16T00:50:09Z">
          <reporter-output>
          </reporter-output>
        </test-method> <!-- navbar_validate -->
        <test-method status="PASS" signature="tearDown()[pri:0, instance:Academy.ValidateNavigationBar@4facf68f]" name="tearDown" is-config="true" duration-ms="1544" started-at="2019-06-16T00:50:09Z" finished-at="2019-06-16T00:50:11Z">
          <reporter-output>
          </reporter-output>
        </test-method> <!-- tearDown -->
      </class> <!-- Academy.ValidateNavigationBar -->
    </test> <!-- Validating navigation bar -->
  </suite> <!-- Suite -->
</testng-results>
